<?xml version='1.0' encoding='UTF-8'?>
<testsuite hostname="DESKTOP-1548S09" name="edu.neu.coe.csye7200.asstwc.MonadOpsSpec" tests="21" errors="0" failures="0" skipped="0" time="0.174" timestamp="2020-11-13T20:27:23">
                     <properties>
[...]
</properties>
                     <testcase classname="edu.neu.coe.csye7200.asstwc.MonadOpsSpec" name="LiftFuture should work" time="0.071">
                                                 
                                               </testcase><testcase classname="edu.neu.coe.csye7200.asstwc.MonadOpsSpec" name="AsFuture should work" time="0.001">
                                                 
                                               </testcase><testcase classname="edu.neu.coe.csye7200.asstwc.MonadOpsSpec" name="SequenceForgivingWithLogging should work" time="0.008">
                                                 
                                               </testcase><testcase classname="edu.neu.coe.csye7200.asstwc.MonadOpsSpec" name="SequenceWithLogging should work" time="0.001">
                                                 
                                               </testcase><testcase classname="edu.neu.coe.csye7200.asstwc.MonadOpsSpec" name="SequenceForgiving should work" time="0.006">
                                                 
                                               </testcase><testcase classname="edu.neu.coe.csye7200.asstwc.MonadOpsSpec" name="LiftTry should work" time="0.002">
                                                 
                                               </testcase><testcase classname="edu.neu.coe.csye7200.asstwc.MonadOpsSpec" name="zip(Option,Option) should succeed" time="0.004">
                                                 
                                               </testcase><testcase classname="edu.neu.coe.csye7200.asstwc.MonadOpsSpec" name="zip(Try,Try) should succeed" time="0.005">
                                                 
                                               </testcase><testcase classname="edu.neu.coe.csye7200.asstwc.MonadOpsSpec" name="zip(Future,Future) should succeed" time="0.023">
                                                 
                                               </testcase><testcase classname="edu.neu.coe.csye7200.asstwc.MonadOpsSpec" name="OptionToTry should work1" time="0.005">
                                                 
                                               </testcase><testcase classname="edu.neu.coe.csye7200.asstwc.MonadOpsSpec" name="OptionToTry should work2" time="0.003">
                                                 
                                               </testcase><testcase classname="edu.neu.coe.csye7200.asstwc.MonadOpsSpec" name="Sequence should work1" time="0.002">
                                                 
                                               </testcase><testcase classname="edu.neu.coe.csye7200.asstwc.MonadOpsSpec" name="Sequence should work2" time="0.0">
                                                 
                                               </testcase><testcase classname="edu.neu.coe.csye7200.asstwc.MonadOpsSpec" name="Sequence should work3" time="0.001">
                                                 
                                               </testcase><testcase classname="edu.neu.coe.csye7200.asstwc.MonadOpsSpec" name="Sequence should work4" time="0.01">
                                                 
                                               </testcase><testcase classname="edu.neu.coe.csye7200.asstwc.MonadOpsSpec" name="Sequence should work5" time="0.003">
                                                 
                                               </testcase><testcase classname="edu.neu.coe.csye7200.asstwc.MonadOpsSpec" name="LiftOption should work" time="0.002">
                                                 
                                               </testcase><testcase classname="edu.neu.coe.csye7200.asstwc.MonadOpsSpec" name="Map2 should work" time="0.002">
                                                 
                                               </testcase><testcase classname="edu.neu.coe.csye7200.asstwc.MonadOpsSpec" name="Flatten should work1" time="0.002">
                                                 
                                               </testcase><testcase classname="edu.neu.coe.csye7200.asstwc.MonadOpsSpec" name="Flatten should work2" time="0.017">
                                                 
                                               </testcase><testcase classname="edu.neu.coe.csye7200.asstwc.MonadOpsSpec" name="Flatten should work3" time="0.006">
                                                 
                                               </testcase>
                     <system-out><![CDATA[]]></system-out>
                     <system-err><![CDATA[]]></system-err>
                   </testsuite>