[debug] Running TaskDef(edu.neu.coe.csye7200.asstwc.MonadOpsSpec, org.scalatest.tools.Framework$$anon$1@1a66158d, false, [SuiteSelector])
[debug] Running TaskDef(edu.neu.coe.csye7200.asstwc.WebCrawlerSpec, org.scalatest.tools.Framework$$anon$1@1a66158d, false, [SuiteSelector])
[info] Run completed in 663 milliseconds.
[info] Total number of tests run: 28
[info] Suites: completed 2, aborted 0
[info] Tests: succeeded 23, failed 5, canceled 0, ignored 0, pending 0
[info] *** 5 TESTS FAILED ***
[debug] Passed tests:
[debug] 	edu.neu.coe.csye7200.asstwc.MonadOpsSpec
[error] Failed tests:
[error] 	edu.neu.coe.csye7200.asstwc.WebCrawlerSpec
[error] (Test / testOnly) sbt.TestsFailedException: Tests unsuccessful
